<?xml version="1.0" encoding="UTF-8"?>
<testng-results ignored="0" total="11" passed="11" failed="0" skipped="0">
  <reporter-output>
  </reporter-output>
  <suite started-at="2022-02-12T07:35:40 PST" name="nopCommerce regression test suite" finished-at="2022-02-12T07:35:53 PST" duration-ms="12830">
    <groups>
    </groups>
    <test started-at="2022-02-12T07:35:40 PST" name="home page test" finished-at="2022-02-12T07:35:46 PST" duration-ms="6023">
      <class name="com.nopcommerce.tests.HomePageTest">
        <test-method is-config="true" signature="setup()[pri:0, instance:com.nopcommerce.tests.HomePageTest@63716833]" started-at="2022-02-12T07:35:40 PST" name="setup" finished-at="2022-02-12T07:35:45 PST" duration-ms="5126" status="PASS">
          <reporter-output>
          </reporter-output>
        </test-method> <!-- setup -->
        <test-method signature="validatePageTitleTest()[pri:1, instance:com.nopcommerce.tests.HomePageTest@63716833]" started-at="2022-02-12T07:35:45 PST" name="validatePageTitleTest" finished-at="2022-02-12T07:35:45 PST" duration-ms="295" status="PASS">
          <reporter-output>
          </reporter-output>
        </test-method> <!-- validatePageTitleTest -->
        <test-method signature="verifyLogoTest()[pri:2, instance:com.nopcommerce.tests.HomePageTest@63716833]" started-at="2022-02-12T07:35:46 PST" name="verifyLogoTest" finished-at="2022-02-12T07:35:46 PST" duration-ms="136" status="PASS">
          <reporter-output>
          </reporter-output>
        </test-method> <!-- verifyLogoTest -->
        <test-method signature="verifyRegisterLinkTest()[pri:3, instance:com.nopcommerce.tests.HomePageTest@63716833]" started-at="2022-02-12T07:35:46 PST" name="verifyRegisterLinkTest" finished-at="2022-02-12T07:35:46 PST" duration-ms="104" status="PASS">
          <reporter-output>
          </reporter-output>
        </test-method> <!-- verifyRegisterLinkTest -->
        <test-method signature="verifyLoginLinkTest()[pri:4, instance:com.nopcommerce.tests.HomePageTest@63716833]" started-at="2022-02-12T07:35:46 PST" name="verifyLoginLinkTest" finished-at="2022-02-12T07:35:46 PST" duration-ms="77" status="PASS">
          <reporter-output>
          </reporter-output>
        </test-method> <!-- verifyLoginLinkTest -->
        <test-method is-config="true" signature="tearDown()[pri:0, instance:com.nopcommerce.tests.HomePageTest@63716833]" started-at="2022-02-12T07:35:46 PST" name="tearDown" finished-at="2022-02-12T07:35:46 PST" duration-ms="92" status="PASS">
          <reporter-output>
          </reporter-output>
        </test-method> <!-- tearDown -->
      </class> <!-- com.nopcommerce.tests.HomePageTest -->
    </test> <!-- home page test -->
    <test started-at="2022-02-12T07:35:40 PST" name="search page test" finished-at="2022-02-12T07:35:48 PST" duration-ms="7813">
      <class name="com.nopcommerce.tests.SearchPageTest">
        <test-method is-config="true" signature="setup()[pri:0, instance:com.nopcommerce.tests.SearchPageTest@713064e8]" started-at="2022-02-12T07:35:40 PST" name="setup" finished-at="2022-02-12T07:35:45 PST" duration-ms="5077" status="PASS">
          <reporter-output>
          </reporter-output>
        </test-method> <!-- setup -->
        <test-method is-config="true" signature="searchPageSetUp()[pri:0, instance:com.nopcommerce.tests.SearchPageTest@713064e8]" started-at="2022-02-12T07:35:45 PST" name="searchPageSetUp" finished-at="2022-02-12T07:35:46 PST" duration-ms="798" status="PASS">
          <reporter-output>
          </reporter-output>
        </test-method> <!-- searchPageSetUp -->
        <test-method signature="verifySearchPageNameTest()[pri:1, instance:com.nopcommerce.tests.SearchPageTest@713064e8]" started-at="2022-02-12T07:35:46 PST" name="verifySearchPageNameTest" finished-at="2022-02-12T07:35:46 PST" duration-ms="132" status="PASS">
          <reporter-output>
          </reporter-output>
        </test-method> <!-- verifySearchPageNameTest -->
        <test-method is-config="true" signature="searchPageSetUp()[pri:0, instance:com.nopcommerce.tests.SearchPageTest@713064e8]" started-at="2022-02-12T07:35:47 PST" name="searchPageSetUp" finished-at="2022-02-12T07:35:47 PST" duration-ms="421" status="PASS">
          <reporter-output>
          </reporter-output>
        </test-method> <!-- searchPageSetUp -->
        <test-method signature="verifyManufactureDropDownListTest()[pri:2, instance:com.nopcommerce.tests.SearchPageTest@713064e8]" started-at="2022-02-12T07:35:47 PST" name="verifyManufactureDropDownListTest" finished-at="2022-02-12T07:35:47 PST" duration-ms="143" status="PASS">
          <reporter-output>
          </reporter-output>
        </test-method> <!-- verifyManufactureDropDownListTest -->
        <test-method is-config="true" signature="searchPageSetUp()[pri:0, instance:com.nopcommerce.tests.SearchPageTest@713064e8]" started-at="2022-02-12T07:35:47 PST" name="searchPageSetUp" finished-at="2022-02-12T07:35:48 PST" duration-ms="402" status="PASS">
          <reporter-output>
          </reporter-output>
        </test-method> <!-- searchPageSetUp -->
        <test-method signature="validateCategoryList()[pri:3, instance:com.nopcommerce.tests.SearchPageTest@713064e8]" started-at="2022-02-12T07:35:48 PST" name="validateCategoryList" finished-at="2022-02-12T07:35:48 PST" duration-ms="147" status="PASS">
          <reporter-output>
          </reporter-output>
        </test-method> <!-- validateCategoryList -->
        <test-method is-config="true" signature="tearDown()[pri:0, instance:com.nopcommerce.tests.SearchPageTest@713064e8]" started-at="2022-02-12T07:35:48 PST" name="tearDown" finished-at="2022-02-12T07:35:48 PST" duration-ms="81" status="PASS">
          <reporter-output>
          </reporter-output>
        </test-method> <!-- tearDown -->
      </class> <!-- com.nopcommerce.tests.SearchPageTest -->
    </test> <!-- search page test -->
    <test started-at="2022-02-12T07:35:40 PST" name="login page test" finished-at="2022-02-12T07:35:49 PST" duration-ms="8645">
      <class name="com.nopcommerce.tests.LoginPageTest">
        <test-method is-config="true" signature="setup()[pri:0, instance:com.nopcommerce.tests.LoginPageTest@736048ed]" started-at="2022-02-12T07:35:40 PST" name="setup" finished-at="2022-02-12T07:35:45 PST" duration-ms="4453" status="PASS">
          <reporter-output>
          </reporter-output>
        </test-method> <!-- setup -->
        <test-method is-config="true" signature="loginPageSetup()[pri:0, instance:com.nopcommerce.tests.LoginPageTest@736048ed]" started-at="2022-02-12T07:35:45 PST" name="loginPageSetup" finished-at="2022-02-12T07:35:45 PST" duration-ms="614" status="PASS">
          <reporter-output>
          </reporter-output>
        </test-method> <!-- loginPageSetup -->
        <test-method signature="verifyLoginPageNameTest()[pri:1, instance:com.nopcommerce.tests.LoginPageTest@736048ed]" started-at="2022-02-12T07:35:45 PST" name="verifyLoginPageNameTest" finished-at="2022-02-12T07:35:46 PST" duration-ms="309" status="PASS">
          <reporter-output>
          </reporter-output>
        </test-method> <!-- verifyLoginPageNameTest -->
        <test-method signature="verifyRegisterButtonStatusTest()[pri:2, instance:com.nopcommerce.tests.LoginPageTest@736048ed]" started-at="2022-02-12T07:35:46 PST" name="verifyRegisterButtonStatusTest" finished-at="2022-02-12T07:35:46 PST" duration-ms="136" status="PASS">
          <reporter-output>
          </reporter-output>
        </test-method> <!-- verifyRegisterButtonStatusTest -->
        <test-method signature="validateLoginTest()[pri:3, instance:com.nopcommerce.tests.LoginPageTest@736048ed]" started-at="2022-02-12T07:35:46 PST" name="validateLoginTest" finished-at="2022-02-12T07:35:49 PST" duration-ms="2788" status="PASS">
          <reporter-output>
          </reporter-output>
        </test-method> <!-- validateLoginTest -->
        <test-method is-config="true" signature="tearDown()[pri:0, instance:com.nopcommerce.tests.LoginPageTest@736048ed]" started-at="2022-02-12T07:35:49 PST" name="tearDown" finished-at="2022-02-12T07:35:49 PST" duration-ms="82" status="PASS">
          <reporter-output>
          </reporter-output>
        </test-method> <!-- tearDown -->
      </class> <!-- com.nopcommerce.tests.LoginPageTest -->
    </test> <!-- login page test -->
    <test started-at="2022-02-12T07:35:40 PST" name="register page test" finished-at="2022-02-12T07:35:53 PST" duration-ms="12830">
      <class name="com.nopcommerce.tests.RegisterPageTest">
        <test-method is-config="true" signature="setup()[pri:0, instance:com.nopcommerce.tests.RegisterPageTest@56078cea]" started-at="2022-02-12T07:35:40 PST" name="setup" finished-at="2022-02-12T07:35:45 PST" duration-ms="5000" status="PASS">
          <reporter-output>
          </reporter-output>
        </test-method> <!-- setup -->
        <test-method is-config="true" signature="registerPageSetup()[pri:0, instance:com.nopcommerce.tests.RegisterPageTest@56078cea]" started-at="2022-02-12T07:35:47 PST" name="registerPageSetup" finished-at="2022-02-12T07:35:47 PST" duration-ms="344" status="PASS">
          <reporter-output>
          </reporter-output>
        </test-method> <!-- registerPageSetup -->
        <test-method signature="registerNewUserTest(java.lang.String,java.lang.String,java.lang.String,java.lang.String,java.lang.String,java.lang.String,java.lang.String,java.lang.String,java.lang.String)[pri:0, instance:com.nopcommerce.tests.RegisterPageTest@56078cea]" started-at="2022-02-12T07:35:47 PST" name="registerNewUserTest" data-provider="getUserData" finished-at="2022-02-12T07:35:53 PST" duration-ms="5802" status="PASS">
          <params>
            <param index="0">
              <value>
                <![CDATA[Male]]>
              </value>
            </param>
            <param index="1">
              <value>
                <![CDATA[John]]>
              </value>
            </param>
            <param index="2">
              <value>
                <![CDATA[Oliver]]>
              </value>
            </param>
            <param index="3">
              <value>
                <![CDATA[1]]>
              </value>
            </param>
            <param index="4">
              <value>
                <![CDATA[February]]>
              </value>
            </param>
            <param index="5">
              <value>
                <![CDATA[1975]]>
              </value>
            </param>
            <param index="6">
              <value>
                <![CDATA[john@yahoo.com]]>
              </value>
            </param>
            <param index="7">
              <value>
                <![CDATA[Apple]]>
              </value>
            </param>
            <param index="8">
              <value>
                <![CDATA[Tast1234]]>
              </value>
            </param>
          </params>
          <reporter-output>
          </reporter-output>
        </test-method> <!-- registerNewUserTest -->
        <test-method is-config="true" signature="tearDown()[pri:0, instance:com.nopcommerce.tests.RegisterPageTest@56078cea]" started-at="2022-02-12T07:35:53 PST" name="tearDown" finished-at="2022-02-12T07:35:53 PST" duration-ms="93" status="PASS">
          <reporter-output>
          </reporter-output>
        </test-method> <!-- tearDown -->
      </class> <!-- com.nopcommerce.tests.RegisterPageTest -->
    </test> <!-- register page test -->
  </suite> <!-- nopCommerce regression test suite -->
</testng-results>
