<?xml version="1.0" encoding="UTF-8"?>
<testsuite xmlns:xsi="http://www.w3.org/2001/XMLSchema-instance" xsi:noNamespaceSchemaLocation="https://maven.apache.org/surefire/maven-surefire-plugin/xsd/surefire-test-report.xsd" name="TestSuite" time="13.992" tests="11" errors="0" skipped="0" failures="0">
  <properties>
[...]
</properties>
  <testcase name="verifyLoginPageNameTest" classname="com.nopcommerce.tests.LoginPageTest" time="0.456"/>
  <testcase name="validatePageTitleTest" classname="com.nopcommerce.tests.HomePageTest" time="0.458"/>
  <testcase name="verifyLogoTest" classname="com.nopcommerce.tests.HomePageTest" time="0.138"/>
  <testcase name="verifyRegisterButtonStatusTest" classname="com.nopcommerce.tests.LoginPageTest" time="0.002"/>
  <testcase name="verifyRegisterLinkTest" classname="com.nopcommerce.tests.HomePageTest" time="0.103"/>
  <testcase name="verifyLoginLinkTest" classname="com.nopcommerce.tests.HomePageTest" time="0.078"/>
  <testcase name="verifySearchPageNameTest" classname="com.nopcommerce.tests.SearchPageTest" time="0.674"/>
  <testcase name="verifyManufactureDropDownListTest" classname="com.nopcommerce.tests.SearchPageTest" time="0.143"/>
  <testcase name="validateCategoryList" classname="com.nopcommerce.tests.SearchPageTest" time="0.146"/>
  <testcase name="validateLoginTest" classname="com.nopcommerce.tests.LoginPageTest" time="0.977"/>
  <testcase name="registerNewUserTest" classname="com.nopcommerce.tests.RegisterPageTest" time="5.151"/>
</testsuite>