<?xml version="1.0" encoding="UTF-8"?>
<!-- Generated by org.testng.reporters.JUnitXMLReporter -->
<testsuite ignored="0" hostname="Amines-MacBook-Pro-2.local" failures="0" tests="4" name="home page test" time="6.023" errors="0" timestamp="2022-02-12T07:35:47 PST">
  <testcase classname="com.nopcommerce.tests.HomePageTest" name="validatePageTitleTest" time="0.295"/>
  <testcase classname="com.nopcommerce.tests.HomePageTest" name="verifyLogoTest" time="0.136"/>
  <testcase classname="com.nopcommerce.tests.HomePageTest" name="verifyRegisterLinkTest" time="0.104"/>
  <testcase classname="com.nopcommerce.tests.HomePageTest" name="verifyLoginLinkTest" time="0.077"/>
</testsuite> <!-- home page test -->
