<?xml version="1.0" encoding="UTF-8"?>
<!-- Generated by org.testng.reporters.JUnitXMLReporter -->
<testsuite ignored="0" hostname="Amines-MacBook-Pro-2.local" failures="0" tests="3" name="login page test" time="8.645" errors="0" timestamp="2022-02-12T07:35:49 PST">
  <testcase classname="com.nopcommerce.tests.LoginPageTest" name="verifyLoginPageNameTest" time="0.309"/>
  <testcase classname="com.nopcommerce.tests.LoginPageTest" name="verifyRegisterButtonStatusTest" time="0.136"/>
  <testcase classname="com.nopcommerce.tests.LoginPageTest" name="validateLoginTest" time="2.788"/>
</testsuite> <!-- login page test -->
