<?xml version="1.0" encoding="UTF-8"?>
<!-- Generated by org.testng.reporters.JUnitXMLReporter -->
<testsuite ignored="0" hostname="Amines-MacBook-Pro-2.local" failures="0" tests="3" name="search page test" time="7.813" errors="0" timestamp="2022-02-12T07:35:48 PST">
  <testcase classname="com.nopcommerce.tests.SearchPageTest" name="verifySearchPageNameTest" time="0.132"/>
  <testcase classname="com.nopcommerce.tests.SearchPageTest" name="verifyManufactureDropDownListTest" time="0.143"/>
  <testcase classname="com.nopcommerce.tests.SearchPageTest" name="validateCategoryList" time="0.147"/>
</testsuite> <!-- search page test -->
